\BOOKMARK [1][-]{section.1}{\376\377\000I\000n\000t\000r\000o\000d\000u\000c\000t\000i\000o\000n}{}% 1
\BOOKMARK [1][-]{section.2}{\376\377\000O\000b\000t\000a\000i\000n\000i\000n\000g\000\040\000a\000n\000d\000\040\000i\000n\000s\000t\000a\000l\000l\000i\000n\000g\000\040\000t\000h\000e\000\040\000M\000N\000R\000A\000S\000\040\000p\000a\000c\000k\000a\000g\000e}{}% 2
\BOOKMARK [1][-]{section.3}{\376\377\000P\000r\000e\000p\000a\000r\000i\000n\000g\000\040\000a\000n\000d\000\040\000s\000u\000b\000m\000i\000t\000t\000i\000n\000g\000\040\000a\000\040\000p\000a\000p\000e\000r}{}% 3
\BOOKMARK [1][-]{section.4}{\376\377\000C\000l\000a\000s\000s\000\040\000o\000p\000t\000i\000o\000n\000s}{}% 4
\BOOKMARK [1][-]{section.5}{\376\377\000T\000i\000t\000l\000e\000\040\000p\000a\000g\000e}{}% 5
\BOOKMARK [2][-]{subsection.5.1}{\376\377\000T\000i\000t\000l\000e}{section.5}% 6
\BOOKMARK [2][-]{subsection.5.2}{\376\377\000A\000u\000t\000h\000o\000r\000s\000\040\000a\000n\000d\000\040\000i\000n\000s\000t\000i\000t\000u\000t\000i\000o\000n\000s}{section.5}% 7
\BOOKMARK [2][-]{subsection.5.3}{\376\377\000A\000b\000s\000t\000r\000a\000c\000t\000\040\000a\000n\000d\000\040\000k\000e\000y\000w\000o\000r\000d\000s}{section.5}% 8
\BOOKMARK [1][-]{section.6}{\376\377\000S\000e\000c\000t\000i\000o\000n\000s\000\040\000a\000n\000d\000\040\000l\000i\000s\000t\000s}{}% 9
\BOOKMARK [2][-]{subsection.6.1}{\376\377\000S\000e\000c\000t\000i\000o\000n\000s}{section.6}% 10
\BOOKMARK [2][-]{subsection.6.2}{\376\377\000L\000i\000s\000t\000s}{section.6}% 11
\BOOKMARK [1][-]{section.7}{\376\377\000M\000a\000t\000h\000e\000m\000a\000t\000i\000c\000s\000\040\000a\000n\000d\000\040\000s\000y\000m\000b\000o\000l\000s}{}% 12
\BOOKMARK [2][-]{subsection.7.1}{\376\377\000E\000q\000u\000a\000t\000i\000o\000n\000s}{section.7}% 13
\BOOKMARK [2][-]{subsection.7.2}{\376\377\000S\000p\000e\000c\000i\000a\000l\000\040\000s\000y\000m\000b\000o\000l\000s}{section.7}% 14
\BOOKMARK [2][-]{subsection.7.3}{\376\377\000I\000o\000n\000s}{section.7}% 15
\BOOKMARK [1][-]{section.8}{\376\377\000F\000i\000g\000u\000r\000e\000s\000\040\000a\000n\000d\000\040\000t\000a\000b\000l\000e\000s}{}% 16
\BOOKMARK [2][-]{subsection.8.1}{\376\377\000B\000a\000s\000i\000c\000\040\000e\000x\000a\000m\000p\000l\000e\000s}{section.8}% 17
\BOOKMARK [2][-]{subsection.8.2}{\376\377\000C\000a\000p\000t\000i\000o\000n\000s\000\040\000a\000n\000d\000\040\000p\000l\000a\000c\000e\000m\000e\000n\000t}{section.8}% 18
\BOOKMARK [1][-]{section.9}{\376\377\000R\000e\000f\000e\000r\000e\000n\000c\000e\000s\000\040\000a\000n\000d\000\040\000c\000i\000t\000a\000t\000i\000o\000n\000s}{}% 19
\BOOKMARK [2][-]{subsection.9.1}{\376\377\000C\000r\000o\000s\000s\000-\000r\000e\000f\000e\000r\000e\000n\000c\000i\000n\000g}{section.9}% 20
\BOOKMARK [2][-]{subsection.9.2}{\376\377\000C\000i\000t\000a\000t\000i\000o\000n\000s}{section.9}% 21
\BOOKMARK [2][-]{subsection.9.3}{\376\377\000T\000h\000e\000\040\000l\000i\000s\000t\000\040\000o\000f\000\040\000r\000e\000f\000e\000r\000e\000n\000c\000e\000s}{section.9}% 22
\BOOKMARK [1][-]{section.10}{\376\377\000A\000p\000p\000e\000n\000d\000i\000c\000e\000s\000\040\000a\000n\000d\000\040\000o\000n\000l\000i\000n\000e\000\040\000m\000a\000t\000e\000r\000i\000a\000l}{}% 23
\BOOKMARK [1][-]{section.11}{\376\377\000P\000a\000c\000k\000a\000g\000e\000s\000\040\000a\000n\000d\000\040\000c\000u\000s\000t\000o\000m\000\040\000c\000o\000m\000m\000a\000n\000d\000s}{}% 24
\BOOKMARK [2][-]{subsection.11.1}{\376\377\000A\000d\000d\000i\000t\000i\000o\000n\000a\000l\000\040\000p\000a\000c\000k\000a\000g\000e\000s}{section.11}% 25
\BOOKMARK [2][-]{subsection.11.2}{\376\377\000C\000u\000s\000t\000o\000m\000\040\000c\000o\000m\000m\000a\000n\000d\000s}{section.11}% 26
\BOOKMARK [1][-]{subsection.11.2}{\376\377\000A\000c\000k\000n\000o\000w\000l\000e\000d\000g\000e\000m\000e\000n\000t\000s}{}% 27
\BOOKMARK [1][-]{section.A1}{\376\377\000J\000o\000u\000r\000n\000a\000l\000\040\000a\000b\000b\000r\000e\000v\000i\000a\000t\000i\000o\000n\000s}{}% 28
\BOOKMARK [1][-]{section.A2}{\376\377\000A\000d\000v\000a\000n\000c\000e\000d\000\040\000f\000o\000r\000m\000a\000t\000t\000i\000n\000g\000\040\000e\000x\000a\000m\000p\000l\000e\000s}{}% 29
\BOOKMARK [1][-]{section.A3}{\376\377\000A\000d\000d\000i\000t\000i\000o\000n\000a\000l\000\040\000c\000o\000m\000m\000a\000n\000d\000s\000\040\000f\000o\000r\000\040\000e\000d\000i\000t\000o\000r\000s\000\040\000o\000n\000l\000y}{}% 30
